{"numTotalTestSuites":209,"numPassedTestSuites":209,"numFailedTestSuites":0,"numPendingTestSuites":0,"numTotalTests":361,"numPassedTests":361,"numFailedTests":0,"numPendingTests":0,"numTodoTests":0,"startTime":1766241103661,"success":true,"testResults":[{"assertionResults":[{"ancestorTitles":["","Repository Health"],"fullName":" Repository Health all required source files have at least one test","status":"passed","title":"all required source files have at least one test","duration":87,"failureMessages":[]},{"ancestorTitles":["","Repository Health"],"fullName":" Repository Health no orphaned source files in critical directories","status":"passed","title":"no orphaned source files in critical directories","duration":76,"failureMessages":[]},{"ancestorTitles":["","Repository Health"],"fullName":" Repository Health test file structure is valid","status":"passed","title":"test file structure is valid","duration":17,"failureMessages":[]},{"ancestorTitles":["","Repository Health"],"fullName":" Repository Health coverage thresholds are defined in test policy","status":"passed","title":"coverage thresholds are defined in test policy","duration":0,"failureMessages":[]},{"ancestorTitles":["","Repository Health"],"fullName":" Repository Health test policy zones are properly configured","status":"passed","title":"test policy zones are properly configured","duration":1,"failureMessages":[]}],"startTime":1766241104763,"endTime":1766241104944,"status":"passed","message":"","name":"/workspace/apps/web/__tests__/repo-health.test.ts"},{"assertionResults":[{"ancestorTitles":["","POST /api/agents/[id]/converse"],"fullName":" POST /api/agents/[id]/converse should update agent persona and memory","status":"passed","title":"should update agent persona and memory","duration":5,"failureMessages":[]},{"ancestorTitles":["","POST /api/agents/[id]/converse"],"fullName":" POST /api/agents/[id]/converse should return 404 if agent not found","status":"passed","title":"should return 404 if agent not found","duration":1,"failureMessages":[]},{"ancestorTitles":["","POST /api/agents/[id]/converse"],"fullName":" POST /api/agents/[id]/converse should handle errors gracefully","status":"passed","title":"should handle errors gracefully","duration":1,"failureMessages":[]}],"startTime":1766241108329,"endTime":1766241108336,"status":"passed","message":"","name":"/workspace/apps/web/__tests__/api/agents-converse.test.ts"},{"assertionResults":[{"ancestorTitles":["","GET /api/dungeons/[id]/map"],"fullName":" GET /api/dungeons/[id]/map should return dungeon map data","status":"passed","title":"should return dungeon map data","duration":6,"failureMessages":[]},{"ancestorTitles":["","GET /api/dungeons/[id]/map"],"fullName":" GET /api/dungeons/[id]/map should return 404 if dungeon not found","status":"passed","title":"should return 404 if dungeon not found","duration":0,"failureMessages":[]},{"ancestorTitles":["","GET /api/dungeons/[id]/map"],"fullName":" GET /api/dungeons/[id]/map should handle errors gracefully","status":"passed","title":"should handle errors gracefully","duration":1,"failureMessages":[]}],"startTime":1766241109017,"endTime":1766241109025,"status":"passed","message":"","name":"/workspace/apps/web/__tests__/api/dungeons-map.test.ts"},{"assertionResults":[{"ancestorTitles":["","POST /api/frames/action"],"fullName":" POST /api/frames/action should process frame action","status":"passed","title":"should process frame action","duration":8,"failureMessages":[]},{"ancestorTitles":["","POST /api/frames/action"],"fullName":" POST /api/frames/action should handle errors gracefully","status":"passed","title":"should handle errors gracefully","duration":1,"failureMessages":[]}],"startTime":1766241109645,"endTime":1766241109654,"status":"passed","message":"","name":"/workspace/apps/web/__tests__/api/frames-action.test.ts"},{"assertionResults":[{"ancestorTitles":["","POST /api/frames/validate"],"fullName":" POST /api/frames/validate should validate frame signature","status":"passed","title":"should validate frame signature","duration":4,"failureMessages":[]},{"ancestorTitles":["","POST /api/frames/validate"],"fullName":" POST /api/frames/validate should return 400 if signature is missing","status":"passed","title":"should return 400 if signature is missing","duration":1,"failureMessages":[]},{"ancestorTitles":["","POST /api/frames/validate"],"fullName":" POST /api/frames/validate should return 400 if message is missing","status":"passed","title":"should return 400 if message is missing","duration":1,"failureMessages":[]},{"ancestorTitles":["","POST /api/frames/validate"],"fullName":" POST /api/frames/validate should handle errors gracefully","status":"passed","title":"should handle errors gracefully","duration":0,"failureMessages":[]}],"startTime":1766241109188,"endTime":1766241109194,"status":"passed","message":"","name":"/workspace/apps/web/__tests__/api/frames-validate.test.ts"},{"assertionResults":[{"ancestorTitles":["","GET /api/heroes/[tokenId]"],"fullName":" GET /api/heroes/[tokenId] should fetch hero details successfully","status":"passed","title":"should fetch hero details successfully","duration":5,"failureMessages":[]},{"ancestorTitles":["","GET /api/heroes/[tokenId]"],"fullName":" GET /api/heroes/[tokenId] should return 400 if tokenId is missing","status":"passed","title":"should return 400 if tokenId is missing","duration":0,"failureMessages":[]},{"ancestorTitles":["","GET /api/heroes/[tokenId]"],"fullName":" GET /api/heroes/[tokenId] should return 500 if contract not configured","status":"passed","title":"should return 500 if contract not configured","duration":1,"failureMessages":[]},{"ancestorTitles":["","GET /api/heroes/[tokenId]"],"fullName":" GET /api/heroes/[tokenId] should handle metadata fetch errors gracefully","status":"passed","title":"should handle metadata fetch errors gracefully","duration":3,"failureMessages":[]},{"ancestorTitles":["","GET /api/heroes/[tokenId]"],"fullName":" GET /api/heroes/[tokenId] should handle non-HTTP URIs","status":"passed","title":"should handle non-HTTP URIs","duration":1,"failureMessages":[]}],"startTime":1766241106646,"endTime":1766241106656,"status":"passed","message":"","name":"/workspace/apps/web/__tests__/api/heroes-tokenId.test.ts"},{"assertionResults":[{"ancestorTitles":["","GET /api/heroes"],"fullName":" GET /api/heroes should fetch heroes for a user","status":"passed","title":"should fetch heroes for a user","duration":6,"failureMessages":[]},{"ancestorTitles":["","GET /api/heroes"],"fullName":" GET /api/heroes should return 400 if userId is missing","status":"passed","title":"should return 400 if userId is missing","duration":1,"failureMessages":[]},{"ancestorTitles":["","GET /api/heroes"],"fullName":" GET /api/heroes should handle database errors","status":"passed","title":"should handle database errors","duration":1,"failureMessages":[]},{"ancestorTitles":["","GET /api/heroes"],"fullName":" GET /api/heroes should return empty array if no heroes found","status":"passed","title":"should return empty array if no heroes found","duration":1,"failureMessages":[]},{"ancestorTitles":["","GET /api/heroes"],"fullName":" GET /api/heroes should convert userId to lowercase for query","status":"passed","title":"should convert userId to lowercase for query","duration":1,"failureMessages":[]}],"startTime":1766241106902,"endTime":1766241106912,"status":"passed","message":"","name":"/workspace/apps/web/__tests__/api/heroes.test.ts"},{"assertionResults":[{"ancestorTitles":["","POST /api/inventory/unequip"],"fullName":" POST /api/inventory/unequip should unequip an item successfully","status":"passed","title":"should unequip an item successfully","duration":5,"failureMessages":[]},{"ancestorTitles":["","POST /api/inventory/unequip"],"fullName":" POST /api/inventory/unequip should return 400 if required fields are missing","status":"passed","title":"should return 400 if required fields are missing","duration":1,"failureMessages":[]},{"ancestorTitles":["","POST /api/inventory/unequip"],"fullName":" POST /api/inventory/unequip should return 500 if inventory contract not configured","status":"passed","title":"should return 500 if inventory contract not configured","duration":1,"failureMessages":[]},{"ancestorTitles":["","POST /api/inventory/unequip"],"fullName":" POST /api/inventory/unequip should return 400 if wallet not configured","status":"passed","title":"should return 400 if wallet not configured","duration":3,"failureMessages":[]},{"ancestorTitles":["","POST /api/inventory/unequip"],"fullName":" POST /api/inventory/unequip should default amount to 1 if not provided","status":"passed","title":"should default amount to 1 if not provided","duration":4,"failureMessages":[]},{"ancestorTitles":["","POST /api/inventory/unequip"],"fullName":" POST /api/inventory/unequip should handle errors gracefully","status":"passed","title":"should handle errors gracefully","duration":3,"failureMessages":[]}],"startTime":1766241106240,"endTime":1766241106257,"status":"passed","message":"","name":"/workspace/apps/web/__tests__/api/inventory-unequip.test.ts"},{"assertionResults":[{"ancestorTitles":["","POST /api/loot/claim"],"fullName":" POST /api/loot/claim should claim loot successfully","status":"passed","title":"should claim loot successfully","duration":5,"failureMessages":[]},{"ancestorTitles":["","POST /api/loot/claim"],"fullName":" POST /api/loot/claim should return 400 if claimId is missing","status":"passed","title":"should return 400 if claimId is missing","duration":1,"failureMessages":[]},{"ancestorTitles":["","POST /api/loot/claim"],"fullName":" POST /api/loot/claim should return 500 if inventory contract not configured","status":"passed","title":"should return 500 if inventory contract not configured","duration":1,"failureMessages":[]},{"ancestorTitles":["","POST /api/loot/claim"],"fullName":" POST /api/loot/claim should return 400 if wallet not configured","status":"passed","title":"should return 400 if wallet not configured","duration":1,"failureMessages":[]},{"ancestorTitles":["","GET /api/loot/claim"],"fullName":" GET /api/loot/claim should get claim info","status":"passed","title":"should get claim info","duration":2,"failureMessages":[]},{"ancestorTitles":["","GET /api/loot/claim"],"fullName":" GET /api/loot/claim should return 404 if claim not found","status":"passed","title":"should return 404 if claim not found","duration":0,"failureMessages":[]},{"ancestorTitles":["","GET /api/loot/claim"],"fullName":" GET /api/loot/claim should return gas estimate when action=estimate","status":"passed","title":"should return gas estimate when action=estimate","duration":2,"failureMessages":[]},{"ancestorTitles":["","GET /api/loot/claim"],"fullName":" GET /api/loot/claim should return 400 if claimId is missing","status":"passed","title":"should return 400 if claimId is missing","duration":0,"failureMessages":[]},{"ancestorTitles":["","GET /api/loot/claim"],"fullName":" GET /api/loot/claim should return 500 if inventory contract not configured for estimate","status":"passed","title":"should return 500 if inventory contract not configured for estimate","duration":1,"failureMessages":[]}],"startTime":1766241105832,"endTime":1766241105845,"status":"passed","message":"","name":"/workspace/apps/web/__tests__/api/loot-claim.test.ts"},{"assertionResults":[{"ancestorTitles":["","POST /api/marketplace/buy"],"fullName":" POST /api/marketplace/buy should buy an item successfully","status":"passed","title":"should buy an item successfully","duration":5,"failureMessages":[]},{"ancestorTitles":["","POST /api/marketplace/buy"],"fullName":" POST /api/marketplace/buy should return 400 if listingId is missing","status":"passed","title":"should return 400 if listingId is missing","duration":0,"failureMessages":[]},{"ancestorTitles":["","POST /api/marketplace/buy"],"fullName":" POST /api/marketplace/buy should return 400 if buyerAddress is missing","status":"passed","title":"should return 400 if buyerAddress is missing","duration":1,"failureMessages":[]},{"ancestorTitles":["","POST /api/marketplace/buy"],"fullName":" POST /api/marketplace/buy should return 400 if wallet not configured","status":"passed","title":"should return 400 if wallet not configured","duration":1,"failureMessages":[]},{"ancestorTitles":["","POST /api/marketplace/buy"],"fullName":" POST /api/marketplace/buy should return 400 if buyerAddress not provided (validation happens before fallback)","status":"passed","title":"should return 400 if buyerAddress not provided (validation happens before fallback)","duration":4,"failureMessages":[]},{"ancestorTitles":["","POST /api/marketplace/buy"],"fullName":" POST /api/marketplace/buy should handle buy errors gracefully","status":"passed","title":"should handle buy errors gracefully","duration":7,"failureMessages":[]}],"startTime":1766241107377,"endTime":1766241107396,"status":"passed","message":"","name":"/workspace/apps/web/__tests__/api/marketplace-buy.test.ts"},{"assertionResults":[{"ancestorTitles":["","POST /api/marketplace/list"],"fullName":" POST /api/marketplace/list should list an item successfully","status":"passed","title":"should list an item successfully","duration":6,"failureMessages":[]},{"ancestorTitles":["","POST /api/marketplace/list"],"fullName":" POST /api/marketplace/list should return 400 if required fields are missing","status":"passed","title":"should return 400 if required fields are missing","duration":1,"failureMessages":[]},{"ancestorTitles":["","POST /api/marketplace/list"],"fullName":" POST /api/marketplace/list should return 500 if contract addresses not configured","status":"passed","title":"should return 500 if contract addresses not configured","duration":0,"failureMessages":[]},{"ancestorTitles":["","POST /api/marketplace/list"],"fullName":" POST /api/marketplace/list should return 400 if wallet not configured","status":"passed","title":"should return 400 if wallet not configured","duration":1,"failureMessages":[]},{"ancestorTitles":["","POST /api/marketplace/list"],"fullName":" POST /api/marketplace/list should return 400 if sellerAddress not provided (validation happens before fallback)","status":"passed","title":"should return 400 if sellerAddress not provided (validation happens before fallback)","duration":2,"failureMessages":[]},{"ancestorTitles":["","POST /api/marketplace/list"],"fullName":" POST /api/marketplace/list should handle includesInventory flag","status":"passed","title":"should handle includesInventory flag","duration":2,"failureMessages":[]}],"startTime":1766241105967,"endTime":1766241105979,"status":"passed","message":"","name":"/workspace/apps/web/__tests__/api/marketplace-list.test.ts"},{"assertionResults":[{"ancestorTitles":["","GET /api/marketplace/listings"],"fullName":" GET /api/marketplace/listings should fetch all listings","status":"passed","title":"should fetch all listings","duration":5,"failureMessages":[]},{"ancestorTitles":["","GET /api/marketplace/listings"],"fullName":" GET /api/marketplace/listings should filter by assetType","status":"passed","title":"should filter by assetType","duration":1,"failureMessages":[]},{"ancestorTitles":["","GET /api/marketplace/listings"],"fullName":" GET /api/marketplace/listings should filter by sellerAddress","status":"passed","title":"should filter by sellerAddress","duration":1,"failureMessages":[]},{"ancestorTitles":["","GET /api/marketplace/listings"],"fullName":" GET /api/marketplace/listings should filter by price range","status":"passed","title":"should filter by price range","duration":0,"failureMessages":[]},{"ancestorTitles":["","GET /api/marketplace/listings"],"fullName":" GET /api/marketplace/listings should handle multiple filters","status":"passed","title":"should handle multiple filters","duration":1,"failureMessages":[]},{"ancestorTitles":["","GET /api/marketplace/listings"],"fullName":" GET /api/marketplace/listings should handle errors gracefully","status":"passed","title":"should handle errors gracefully","duration":3,"failureMessages":[]}],"startTime":1766241106531,"endTime":1766241106542,"status":"passed","message":"","name":"/workspace/apps/web/__tests__/api/marketplace-listings.test.ts"},{"assertionResults":[{"ancestorTitles":["","GET /api/parties/[id]"],"fullName":" GET /api/parties/[id] should fetch party details with members","status":"passed","title":"should fetch party details with members","duration":6,"failureMessages":[]},{"ancestorTitles":["","GET /api/parties/[id]"],"fullName":" GET /api/parties/[id] should return 404 if party not found","status":"passed","title":"should return 404 if party not found","duration":1,"failureMessages":[]},{"ancestorTitles":["","PATCH /api/parties/[id]"],"fullName":" PATCH /api/parties/[id] should return 501 not implemented","status":"passed","title":"should return 501 not implemented","duration":1,"failureMessages":[]},{"ancestorTitles":["","DELETE /api/parties/[id]"],"fullName":" DELETE /api/parties/[id] should return 501 not implemented","status":"passed","title":"should return 501 not implemented","duration":0,"failureMessages":[]}],"startTime":1766241108721,"endTime":1766241108729,"status":"passed","message":"","name":"/workspace/apps/web/__tests__/api/parties-id.test.ts"},{"assertionResults":[{"ancestorTitles":["","POST /api/parties/[id]/invite"],"fullName":" POST /api/parties/[id]/invite should generate invite code successfully","status":"passed","title":"should generate invite code successfully","duration":5,"failureMessages":[]},{"ancestorTitles":["","POST /api/parties/[id]/invite"],"fullName":" POST /api/parties/[id]/invite should return 400 if userId is missing","status":"passed","title":"should return 400 if userId is missing","duration":1,"failureMessages":[]},{"ancestorTitles":["","POST /api/parties/[id]/invite"],"fullName":" POST /api/parties/[id]/invite should return 500 if invite generation fails","status":"passed","title":"should return 500 if invite generation fails","duration":1,"failureMessages":[]},{"ancestorTitles":["","POST /api/parties/[id]/invite"],"fullName":" POST /api/parties/[id]/invite should handle errors gracefully","status":"passed","title":"should handle errors gracefully","duration":1,"failureMessages":[]}],"startTime":1766241108686,"endTime":1766241108694,"status":"passed","message":"","name":"/workspace/apps/web/__tests__/api/parties-invite.test.ts"},{"assertionResults":[{"ancestorTitles":["","POST /api/parties/[id]/join"],"fullName":" POST /api/parties/[id]/join should join party successfully","status":"passed","title":"should join party successfully","duration":5,"failureMessages":[]},{"ancestorTitles":["","POST /api/parties/[id]/join"],"fullName":" POST /api/parties/[id]/join should return 400 if required fields are missing","status":"passed","title":"should return 400 if required fields are missing","duration":1,"failureMessages":[]},{"ancestorTitles":["","POST /api/parties/[id]/join"],"fullName":" POST /api/parties/[id]/join should return 403 if user does not own hero","status":"passed","title":"should return 403 if user does not own hero","duration":1,"failureMessages":[]},{"ancestorTitles":["","POST /api/parties/[id]/join"],"fullName":" POST /api/parties/[id]/join should return 400 if party is full or not found","status":"passed","title":"should return 400 if party is full or not found","duration":1,"failureMessages":[]},{"ancestorTitles":["","POST /api/parties/[id]/join"],"fullName":" POST /api/parties/[id]/join should handle errors gracefully","status":"passed","title":"should handle errors gracefully","duration":3,"failureMessages":[]}],"startTime":1766241106943,"endTime":1766241106954,"status":"passed","message":"","name":"/workspace/apps/web/__tests__/api/parties-join.test.ts"},{"assertionResults":[{"ancestorTitles":["","POST /api/parties/[id]/leave"],"fullName":" POST /api/parties/[id]/leave should return 400 when partyId is missing","status":"passed","title":"should return 400 when partyId is missing","duration":5,"failureMessages":[]},{"ancestorTitles":["","POST /api/parties/[id]/leave"],"fullName":" POST /api/parties/[id]/leave should return 400 when heroTokenId is missing","status":"passed","title":"should return 400 when heroTokenId is missing","duration":0,"failureMessages":[]},{"ancestorTitles":["","POST /api/parties/[id]/leave"],"fullName":" POST /api/parties/[id]/leave should successfully remove member from party","status":"passed","title":"should successfully remove member from party","duration":1,"failureMessages":[]},{"ancestorTitles":["","POST /api/parties/[id]/leave"],"fullName":" POST /api/parties/[id]/leave should handle database errors","status":"passed","title":"should handle database errors","duration":2,"failureMessages":[]},{"ancestorTitles":["","POST /api/parties/[id]/leave"],"fullName":" POST /api/parties/[id]/leave should handle JSON parsing errors","status":"passed","title":"should handle JSON parsing errors","duration":4,"failureMessages":[]}],"startTime":1766241108075,"endTime":1766241108087,"status":"passed","message":"","name":"/workspace/apps/web/__tests__/api/parties-leave.test.ts"},{"assertionResults":[{"ancestorTitles":["","POST /api/parties/[id]/start"],"fullName":" POST /api/parties/[id]/start should return 400 when dungeonId is missing","status":"passed","title":"should return 400 when dungeonId is missing","duration":5,"failureMessages":[]},{"ancestorTitles":["","POST /api/parties/[id]/start"],"fullName":" POST /api/parties/[id]/start should successfully start a run","status":"passed","title":"should successfully start a run","duration":5,"failureMessages":[]},{"ancestorTitles":["","POST /api/parties/[id]/start"],"fullName":" POST /api/parties/[id]/start should return 500 when startRun fails","status":"passed","title":"should return 500 when startRun fails","duration":0,"failureMessages":[]},{"ancestorTitles":["","POST /api/parties/[id]/start"],"fullName":" POST /api/parties/[id]/start should handle service errors","status":"passed","title":"should handle service errors","duration":1,"failureMessages":[]}],"startTime":1766241108927,"endTime":1766241108938,"status":"passed","message":"","name":"/workspace/apps/web/__tests__/api/parties-start.test.ts"},{"assertionResults":[{"ancestorTitles":["","GET /api/parties/[id]/status"],"fullName":" GET /api/parties/[id]/status should return 404 when party not found","status":"passed","title":"should return 404 when party not found","duration":4,"failureMessages":[]},{"ancestorTitles":["","GET /api/parties/[id]/status"],"fullName":" GET /api/parties/[id]/status should return party status with members","status":"passed","title":"should return party status with members","duration":2,"failureMessages":[]},{"ancestorTitles":["","GET /api/parties/[id]/status"],"fullName":" GET /api/parties/[id]/status should include runId when party is in progress","status":"passed","title":"should include runId when party is in progress","duration":1,"failureMessages":[]},{"ancestorTitles":["","GET /api/parties/[id]/status"],"fullName":" GET /api/parties/[id]/status should handle errors gracefully","status":"passed","title":"should handle errors gracefully","duration":2,"failureMessages":[]}],"startTime":1766241107811,"endTime":1766241107820,"status":"passed","message":"","name":"/workspace/apps/web/__tests__/api/parties-status.test.ts"},{"assertionResults":[{"ancestorTitles":["","POST /api/parties"],"fullName":" POST /api/parties should create a party successfully","status":"passed","title":"should create a party successfully","duration":6,"failureMessages":[]},{"ancestorTitles":["","POST /api/parties"],"fullName":" POST /api/parties should return 400 if ownerId is missing","status":"passed","title":"should return 400 if ownerId is missing","duration":1,"failureMessages":[]},{"ancestorTitles":["","POST /api/parties"],"fullName":" POST /api/parties should return 500 if party creation fails","status":"passed","title":"should return 500 if party creation fails","duration":1,"failureMessages":[]},{"ancestorTitles":["","POST /api/parties"],"fullName":" POST /api/parties should handle errors gracefully","status":"passed","title":"should handle errors gracefully","duration":2,"failureMessages":[]},{"ancestorTitles":["","GET /api/parties"],"fullName":" GET /api/parties should fetch user parties successfully","status":"passed","title":"should fetch user parties successfully","duration":1,"failureMessages":[]},{"ancestorTitles":["","GET /api/parties"],"fullName":" GET /api/parties should return 400 if userId is missing","status":"passed","title":"should return 400 if userId is missing","duration":1,"failureMessages":[]},{"ancestorTitles":["","GET /api/parties"],"fullName":" GET /api/parties should handle errors gracefully","status":"passed","title":"should handle errors gracefully","duration":0,"failureMessages":[]}],"startTime":1766241107300,"endTime":1766241107313,"status":"passed","message":"","name":"/workspace/apps/web/__tests__/api/parties.test.ts"},{"assertionResults":[{"ancestorTitles":["","GET /api/runs (active runs)"],"fullName":" GET /api/runs (active runs) should return active run for wallet","status":"passed","title":"should return active run for wallet","duration":5,"failureMessages":[]},{"ancestorTitles":["","GET /api/runs (active runs)"],"fullName":" GET /api/runs (active runs) should return null if no active run exists","status":"passed","title":"should return null if no active run exists","duration":1,"failureMessages":[]},{"ancestorTitles":["","GET /api/runs (active runs)"],"fullName":" GET /api/runs (active runs) should return 400 if wallet address is missing","status":"passed","title":"should return 400 if wallet address is missing","duration":1,"failureMessages":[]},{"ancestorTitles":["","GET /api/runs (active runs)"],"fullName":" GET /api/runs (active runs) should exclude completed runs","status":"passed","title":"should exclude completed runs","duration":0,"failureMessages":[]},{"ancestorTitles":["","GET /api/runs (active runs)"],"fullName":" GET /api/runs (active runs) should exclude failed runs","status":"passed","title":"should exclude failed runs","duration":1,"failureMessages":[]},{"ancestorTitles":["","GET /api/runs (active runs)"],"fullName":" GET /api/runs (active runs) should return most recent active run if multiple exist","status":"passed","title":"should return most recent active run if multiple exist","duration":1,"failureMessages":[]},{"ancestorTitles":["","GET /api/runs (active runs)"],"fullName":" GET /api/runs (active runs) should handle database errors gracefully","status":"passed","title":"should handle database errors gracefully","duration":1,"failureMessages":[]}],"startTime":1766241105399,"endTime":1766241105409,"status":"passed","message":"","name":"/workspace/apps/web/__tests__/api/runs-active.test.ts"},{"assertionResults":[{"ancestorTitles":["","GET /api/runs/[id]/events"],"fullName":" GET /api/runs/[id]/events should return events for a run","status":"passed","title":"should return events for a run","duration":5,"failureMessages":[]},{"ancestorTitles":["","GET /api/runs/[id]/events"],"fullName":" GET /api/runs/[id]/events should filter events by since parameter","status":"passed","title":"should filter events by since parameter","duration":1,"failureMessages":[]},{"ancestorTitles":["","GET /api/runs/[id]/events"],"fullName":" GET /api/runs/[id]/events should only return events ready to deliver","status":"passed","title":"should only return events ready to deliver","duration":1,"failureMessages":[]},{"ancestorTitles":["","GET /api/runs/[id]/events"],"fullName":" GET /api/runs/[id]/events should handle database errors","status":"passed","title":"should handle database errors","duration":1,"failureMessages":[]},{"ancestorTitles":["","GET /api/runs/[id]/events"],"fullName":" GET /api/runs/[id]/events should handle exceptions gracefully","status":"passed","title":"should handle exceptions gracefully","duration":1,"failureMessages":[]}],"startTime":1766241106236,"endTime":1766241106245,"status":"passed","message":"","name":"/workspace/apps/web/__tests__/api/runs-events.test.ts"},{"assertionResults":[{"ancestorTitles":["","GET /api/runs/[id]"],"fullName":" GET /api/runs/[id] should return run with logs and events","status":"passed","title":"should return run with logs and events","duration":5,"failureMessages":[]},{"ancestorTitles":["","GET /api/runs/[id]"],"fullName":" GET /api/runs/[id] should return 404 if run not found","status":"passed","title":"should return 404 if run not found","duration":1,"failureMessages":[]},{"ancestorTitles":["","GET /api/runs/[id]"],"fullName":" GET /api/runs/[id] should handle errors gracefully","status":"passed","title":"should handle errors gracefully","duration":1,"failureMessages":[]}],"startTime":1766241107838,"endTime":1766241107845,"status":"passed","message":"","name":"/workspace/apps/web/__tests__/api/runs-id.test.ts"},{"assertionResults":[{"ancestorTitles":["","GET /api/runs/stats"],"fullName":" GET /api/runs/stats should return 400 when wallet is missing","status":"passed","title":"should return 400 when wallet is missing","duration":4,"failureMessages":[]},{"ancestorTitles":["","GET /api/runs/stats"],"fullName":" GET /api/runs/stats should return daily stats for a wallet","status":"passed","title":"should return daily stats for a wallet","duration":1,"failureMessages":[]},{"ancestorTitles":["","GET /api/runs/stats"],"fullName":" GET /api/runs/stats should reset daily runs when needsReset is true","status":"passed","title":"should reset daily runs when needsReset is true","duration":1,"failureMessages":[]},{"ancestorTitles":["","GET /api/runs/stats"],"fullName":" GET /api/runs/stats should handle errors gracefully","status":"passed","title":"should handle errors gracefully","duration":3,"failureMessages":[]},{"ancestorTitles":["","GET /api/runs/stats"],"fullName":" GET /api/runs/stats should calculate remaining free runs correctly","status":"passed","title":"should calculate remaining free runs correctly","duration":1,"failureMessages":[]}],"startTime":1766241108575,"endTime":1766241108585,"status":"passed","message":"","name":"/workspace/apps/web/__tests__/api/runs-stats.test.ts"},{"assertionResults":[{"ancestorTitles":["","POST /api/runs"],"fullName":" POST /api/runs should create a run and enqueue job","status":"passed","title":"should create a run and enqueue job","duration":9,"failureMessages":[]},{"ancestorTitles":["","POST /api/runs"],"fullName":" POST /api/runs should return 400 if dungeonId is missing","status":"passed","title":"should return 400 if dungeonId is missing","duration":1,"failureMessages":[]},{"ancestorTitles":["","POST /api/runs"],"fullName":" POST /api/runs should return 400 if party is missing","status":"passed","title":"should return 400 if party is missing","duration":6,"failureMessages":[]},{"ancestorTitles":["","POST /api/runs"],"fullName":" POST /api/runs should return 400 if party is empty array","status":"passed","title":"should return 400 if party is empty array","duration":5,"failureMessages":[]},{"ancestorTitles":["","POST /api/runs"],"fullName":" POST /api/runs should return 500 if database insert fails","status":"passed","title":"should return 500 if database insert fails","duration":3,"failureMessages":[]},{"ancestorTitles":["","POST /api/runs"],"fullName":" POST /api/runs should generate seed if not provided","status":"passed","title":"should generate seed if not provided","duration":3,"failureMessages":[]}],"startTime":1766241105005,"endTime":1766241105032,"status":"passed","message":"","name":"/workspace/apps/web/__tests__/api/runs.test.ts"},{"assertionResults":[{"ancestorTitles":["","Employees of the Month (Top Stakers)"],"fullName":" Employees of the Month (Top Stakers) should fetch current employees of the month from Supabase","status":"passed","title":"should fetch current employees of the month from Supabase","duration":64,"failureMessages":[]},{"ancestorTitles":["","Employees of the Month (Top Stakers)"],"fullName":" Employees of the Month (Top Stakers) should handle empty database gracefully","status":"passed","title":"should handle empty database gracefully","duration":9,"failureMessages":[]},{"ancestorTitles":["","Employees of the Month (Top Stakers)"],"fullName":" Employees of the Month (Top Stakers) should verify Supabase configuration","status":"passed","title":"should verify Supabase configuration","duration":1,"failureMessages":[]}],"startTime":1766241105520,"endTime":1766241105594,"status":"passed","message":"","name":"/workspace/apps/web/__tests__/api/staking-top-stakers.test.ts"},{"assertionResults":[{"ancestorTitles":["","GET /api/world/progress"],"fullName":" GET /api/world/progress should return status ok","status":"passed","title":"should return status ok","duration":5,"failureMessages":[]},{"ancestorTitles":["","GET /api/world/progress"],"fullName":" GET /api/world/progress should include timestamp in response","status":"passed","title":"should include timestamp in response","duration":1,"failureMessages":[]}],"startTime":1766241109665,"endTime":1766241109671,"status":"passed","message":"","name":"/workspace/apps/web/__tests__/api/world-progress.test.ts"},{"assertionResults":[{"ancestorTitles":["","GET /api/world/status"],"fullName":" GET /api/world/status should return initialized false when Supabase config is missing","status":"passed","title":"should return initialized false when Supabase config is missing","duration":5,"failureMessages":[]},{"ancestorTitles":["","GET /api/world/status"],"fullName":" GET /api/world/status should return initialized true when world content exists","status":"passed","title":"should return initialized true when world content exists","duration":1,"failureMessages":[]},{"ancestorTitles":["","GET /api/world/status"],"fullName":" GET /api/world/status should handle database timeout gracefully","status":"passed","title":"should handle database timeout gracefully","duration":1,"failureMessages":[]},{"ancestorTitles":["","GET /api/world/status"],"fullName":" GET /api/world/status should sort dungeons correctly (test dungeons last)","status":"passed","title":"should sort dungeons correctly (test dungeons last)","duration":1,"failureMessages":[]}],"startTime":1766241106236,"endTime":1766241106244,"status":"passed","message":"","name":"/workspace/apps/web/__tests__/api/world-status.test.ts"},{"assertionResults":[{"ancestorTitles":["","Contract Configuration","Contract Registry"],"fullName":" Contract Configuration Contract Registry should have all contracts defined in registry","status":"passed","title":"should have all contracts defined in registry","duration":2,"failureMessages":[]},{"ancestorTitles":["","Contract Configuration","Contract Registry"],"fullName":" Contract Configuration Contract Registry should have all required contract addresses configured","status":"passed","title":"should have all required contract addresses configured","duration":0,"failureMessages":[]},{"ancestorTitles":["","Contract Configuration","Contract Registry"],"fullName":" Contract Configuration Contract Registry should have valid Ethereum addresses (not placeholders)","status":"passed","title":"should have valid Ethereum addresses (not placeholders)","duration":12,"failureMessages":[]},{"ancestorTitles":["","Contract Configuration","Comprehensive Contract Validation"],"fullName":" Contract Configuration Comprehensive Contract Validation should validate all contracts using the validator system","status":"passed","title":"should validate all contracts using the validator system","duration":2,"failureMessages":[]},{"ancestorTitles":["","Contract Configuration","Comprehensive Contract Validation"],"fullName":" Contract Configuration Comprehensive Contract Validation should validate proxy configurations for upgradeable contracts","status":"passed","title":"should validate proxy configurations for upgradeable contracts","duration":0,"failureMessages":[]},{"ancestorTitles":["","Contract Configuration","Contract Address Consistency"],"fullName":" Contract Configuration Contract Address Consistency should use same addresses as defined in registry","status":"passed","title":"should use same addresses as defined in registry","duration":1,"failureMessages":[]},{"ancestorTitles":["","Contract Configuration","Contract Address Format"],"fullName":" Contract Configuration Contract Address Format should have all addresses in correct format (0x followed by 40 hex chars)","status":"passed","title":"should have all addresses in correct format (0x followed by 40 hex chars)","duration":0,"failureMessages":[]}],"startTime":1766241105009,"endTime":1766241105026,"status":"passed","message":"","name":"/workspace/apps/web/__tests__/lib/contracts.test.ts"},{"assertionResults":[{"ancestorTitles":["","Queue"],"fullName":" Queue should create runQueue with correct name","status":"passed","title":"should create runQueue with correct name","duration":0,"failureMessages":[]},{"ancestorTitles":["","Queue"],"fullName":" Queue should create replayQueue with correct name","status":"passed","title":"should create replayQueue with correct name","duration":0,"failureMessages":[]},{"ancestorTitles":["","Queue"],"fullName":" Queue should use Redis connection with maxRetriesPerRequest null","status":"passed","title":"should use Redis connection with maxRetriesPerRequest null","duration":2,"failureMessages":[]}],"startTime":1766241109535,"endTime":1766241109537,"status":"passed","message":"","name":"/workspace/apps/web/__tests__/lib/queue.test.ts"},{"assertionResults":[{"ancestorTitles":["","Supabase Client","Environment Variables"],"fullName":" Supabase Client Environment Variables should throw error if SUPABASE_PROJECT_URL is missing","status":"skipped","title":"should throw error if SUPABASE_PROJECT_URL is missing","failureMessages":[]},{"ancestorTitles":["","Supabase Client","Environment Variables"],"fullName":" Supabase Client Environment Variables should throw error if SUPABASE_API_KEY is missing","status":"skipped","title":"should throw error if SUPABASE_API_KEY is missing","failureMessages":[]},{"ancestorTitles":["","Supabase Client","Query Builder"],"fullName":" Supabase Client Query Builder should build select query with eq filter","status":"passed","title":"should build select query with eq filter","duration":2,"failureMessages":[]},{"ancestorTitles":["","Supabase Client","Query Builder"],"fullName":" Supabase Client Query Builder should build insert query","status":"passed","title":"should build insert query","duration":6,"failureMessages":[]},{"ancestorTitles":["","Supabase Client","Query Builder"],"fullName":" Supabase Client Query Builder should build update query with eq filter","status":"passed","title":"should build update query with eq filter","duration":0,"failureMessages":[]},{"ancestorTitles":["","Supabase Client","Query Builder"],"fullName":" Supabase Client Query Builder should handle errors correctly","status":"passed","title":"should handle errors correctly","duration":0,"failureMessages":[]},{"ancestorTitles":["","Supabase Client","Query Builder"],"fullName":" Supabase Client Query Builder should handle network errors","status":"passed","title":"should handle network errors","duration":0,"failureMessages":[]}],"startTime":1766241107804,"endTime":1766241107813,"status":"passed","message":"","name":"/workspace/apps/web/__tests__/lib/supabase.test.ts"},{"assertionResults":[{"ancestorTitles":["","heroMinting","generateMetadata"],"fullName":" heroMinting generateMetadata should generate correct metadata structure","status":"passed","title":"should generate correct metadata structure","duration":1,"failureMessages":[]},{"ancestorTitles":["","heroMinting","mintHero"],"fullName":" heroMinting mintHero should upload metadata and call contract","status":"passed","title":"should upload metadata and call contract","duration":0,"failureMessages":[]}],"startTime":1766241108320,"endTime":1766241108322,"status":"passed","message":"","name":"/workspace/apps/web/__tests__/services/heroMinting.test.ts"},{"assertionResults":[{"ancestorTitles":["","inventoryTransfer","transferItem"],"fullName":" inventoryTransfer transferItem should transfer item from adventurer to tavernkeeper","status":"passed","title":"should transfer item from adventurer to tavernkeeper","duration":2,"failureMessages":[]},{"ancestorTitles":["","inventoryTransfer","transferItem"],"fullName":" inventoryTransfer transferItem should transfer item from tavernkeeper to adventurer","status":"passed","title":"should transfer item from tavernkeeper to adventurer","duration":0,"failureMessages":[]},{"ancestorTitles":["","inventoryTransfer","transferItem"],"fullName":" inventoryTransfer transferItem should throw error if no wallet connected","status":"passed","title":"should throw error if no wallet connected","duration":1,"failureMessages":[]},{"ancestorTitles":["","inventoryTransfer","unequipItem"],"fullName":" inventoryTransfer unequipItem should unequip item from adventurer to tavernkeeper","status":"passed","title":"should unequip item from adventurer to tavernkeeper","duration":1,"failureMessages":[]},{"ancestorTitles":["","inventoryTransfer","equipItem"],"fullName":" inventoryTransfer equipItem should equip item from tavernkeeper to adventurer","status":"passed","title":"should equip item from tavernkeeper to adventurer","duration":0,"failureMessages":[]}],"startTime":1766241105720,"endTime":1766241105725,"status":"passed","message":"","name":"/workspace/apps/web/__tests__/services/inventoryTransfer.test.ts"},{"assertionResults":[{"ancestorTitles":["","keepTokenService","getBalance"],"fullName":" keepTokenService getBalance should return balance as string","status":"passed","title":"should return balance as string","duration":1,"failureMessages":[]},{"ancestorTitles":["","keepTokenService","getBalance"],"fullName":" keepTokenService getBalance should return 0 on error","status":"passed","title":"should return 0 on error","duration":3,"failureMessages":[]},{"ancestorTitles":["","keepTokenService","formatBalance"],"fullName":" keepTokenService formatBalance should format wei to ether with 2 decimals","status":"passed","title":"should format wei to ether with 2 decimals","duration":0,"failureMessages":[]},{"ancestorTitles":["","keepTokenService","formatBalance"],"fullName":" keepTokenService formatBalance should handle BigInt input","status":"passed","title":"should handle BigInt input","duration":1,"failureMessages":[]}],"startTime":1766241109411,"endTime":1766241109416,"status":"passed","message":"","name":"/workspace/apps/web/__tests__/services/keepToken.test.ts"},{"assertionResults":[{"ancestorTitles":["","lootClaim","getLootClaim"],"fullName":" lootClaim getLootClaim should get a loot claim by ID","status":"passed","title":"should get a loot claim by ID","duration":2,"failureMessages":[]},{"ancestorTitles":["","lootClaim","getLootClaim"],"fullName":" lootClaim getLootClaim should return null if claim not found","status":"passed","title":"should return null if claim not found","duration":0,"failureMessages":[]},{"ancestorTitles":["","lootClaim","getUnclaimedLoot"],"fullName":" lootClaim getUnclaimedLoot should get unclaimed loot for a run","status":"passed","title":"should get unclaimed loot for a run","duration":1,"failureMessages":[]},{"ancestorTitles":["","lootClaim","getUnclaimedLoot"],"fullName":" lootClaim getUnclaimedLoot should throw error on database failure","status":"passed","title":"should throw error on database failure","duration":3,"failureMessages":[]},{"ancestorTitles":["","lootClaim","createLootClaims"],"fullName":" lootClaim createLootClaims should create loot claims for a completed run","status":"passed","title":"should create loot claims for a completed run","duration":1,"failureMessages":[]},{"ancestorTitles":["","lootClaim","createLootClaims"],"fullName":" lootClaim createLootClaims should throw error on database failure","status":"passed","title":"should throw error on database failure","duration":0,"failureMessages":[]},{"ancestorTitles":["","lootClaim","claimLoot"],"fullName":" lootClaim claimLoot should claim loot successfully","status":"passed","title":"should claim loot successfully","duration":0,"failureMessages":[]},{"ancestorTitles":["","lootClaim","claimLoot"],"fullName":" lootClaim claimLoot should throw error if claim not found","status":"passed","title":"should throw error if claim not found","duration":0,"failureMessages":[]},{"ancestorTitles":["","lootClaim","claimLoot"],"fullName":" lootClaim claimLoot should throw error if claim already claimed","status":"passed","title":"should throw error if claim already claimed","duration":1,"failureMessages":[]},{"ancestorTitles":["","lootClaim","claimLoot"],"fullName":" lootClaim claimLoot should throw error if no wallet connected","status":"passed","title":"should throw error if no wallet connected","duration":0,"failureMessages":[]},{"ancestorTitles":["","lootClaim","estimateClaimGas"],"fullName":" lootClaim estimateClaimGas should estimate gas for claiming loot","status":"passed","title":"should estimate gas for claiming loot","duration":0,"failureMessages":[]},{"ancestorTitles":["","lootClaim","estimateClaimGas"],"fullName":" lootClaim estimateClaimGas should throw error if claim not found","status":"passed","title":"should throw error if claim not found","duration":1,"failureMessages":[]}],"startTime":1766241104197,"endTime":1766241104207,"status":"passed","message":"","name":"/workspace/apps/web/__tests__/services/lootClaim.test.ts"},{"assertionResults":[{"ancestorTitles":["","marketplace","listItem"],"fullName":" marketplace listItem should create a listing successfully","status":"passed","title":"should create a listing successfully","duration":2,"failureMessages":[]},{"ancestorTitles":["","marketplace","listItem"],"fullName":" marketplace listItem should throw error if pool creation fails","status":"passed","title":"should throw error if pool creation fails","duration":1,"failureMessages":[]},{"ancestorTitles":["","marketplace","listItem"],"fullName":" marketplace listItem should throw error if database insert fails","status":"passed","title":"should throw error if database insert fails","duration":0,"failureMessages":[]},{"ancestorTitles":["","marketplace","buyItem"],"fullName":" marketplace buyItem should buy an item successfully","status":"passed","title":"should buy an item successfully","duration":0,"failureMessages":[]},{"ancestorTitles":["","marketplace","buyItem"],"fullName":" marketplace buyItem should throw error if listing not found","status":"passed","title":"should throw error if listing not found","duration":1,"failureMessages":[]},{"ancestorTitles":["","marketplace","buyItem"],"fullName":" marketplace buyItem should throw error if listing has no pool address","status":"passed","title":"should throw error if listing has no pool address","duration":0,"failureMessages":[]},{"ancestorTitles":["","marketplace","cancelListing"],"fullName":" marketplace cancelListing should cancel a listing successfully","status":"passed","title":"should cancel a listing successfully","duration":0,"failureMessages":[]},{"ancestorTitles":["","marketplace","cancelListing"],"fullName":" marketplace cancelListing should throw error if listing not found","status":"passed","title":"should throw error if listing not found","duration":1,"failureMessages":[]},{"ancestorTitles":["","marketplace","getListings"],"fullName":" marketplace getListings should get all active listings","status":"passed","title":"should get all active listings","duration":1,"failureMessages":[]},{"ancestorTitles":["","marketplace","getListings"],"fullName":" marketplace getListings should filter by asset type","status":"passed","title":"should filter by asset type","duration":0,"failureMessages":[]},{"ancestorTitles":["","marketplace","getListings"],"fullName":" marketplace getListings should filter by price range","status":"passed","title":"should filter by price range","duration":1,"failureMessages":[]},{"ancestorTitles":["","marketplace","getListings"],"fullName":" marketplace getListings should throw error on database failure","status":"passed","title":"should throw error on database failure","duration":0,"failureMessages":[]},{"ancestorTitles":["","marketplace","getListing"],"fullName":" marketplace getListing should get a single listing by ID","status":"passed","title":"should get a single listing by ID","duration":0,"failureMessages":[]},{"ancestorTitles":["","marketplace","getListing"],"fullName":" marketplace getListing should return null if listing not found","status":"passed","title":"should return null if listing not found","duration":0,"failureMessages":[]}],"startTime":1766241104070,"endTime":1766241104077,"status":"passed","message":"","name":"/workspace/apps/web/__tests__/services/marketplace.test.ts"},{"assertionResults":[{"ancestorTitles":["","metadataStorage","upload"],"fullName":" metadataStorage upload should return data URI for small metadata","status":"passed","title":"should return data URI for small metadata","duration":2,"failureMessages":[]},{"ancestorTitles":["","metadataStorage","upload"],"fullName":" metadataStorage upload should return ipfs URI for large metadata (mock)","status":"passed","title":"should return ipfs URI for large metadata (mock)","duration":1,"failureMessages":[]},{"ancestorTitles":["","metadataStorage","getHttpUrl"],"fullName":" metadataStorage getHttpUrl should convert ipfs:// to https://ipfs.io/ipfs/","status":"passed","title":"should convert ipfs:// to https://ipfs.io/ipfs/","duration":0,"failureMessages":[]},{"ancestorTitles":["","metadataStorage","getHttpUrl"],"fullName":" metadataStorage getHttpUrl should return http urls as is","status":"passed","title":"should return http urls as is","duration":0,"failureMessages":[]}],"startTime":1766241108062,"endTime":1766241108066,"status":"passed","message":"","name":"/workspace/apps/web/__tests__/services/metadataStorage.test.ts"},{"assertionResults":[{"ancestorTitles":["","NFT Metadata Updater Service","updateHeroMetadata"],"fullName":" NFT Metadata Updater Service updateHeroMetadata should call updateTokenURI on Adventurer contract","status":"passed","title":"should call updateTokenURI on Adventurer contract","duration":2,"failureMessages":[]},{"ancestorTitles":["","NFT Metadata Updater Service","updateHeroMetadata"],"fullName":" NFT Metadata Updater Service updateHeroMetadata should handle errors gracefully","status":"passed","title":"should handle errors gracefully","duration":1,"failureMessages":[]},{"ancestorTitles":["","NFT Metadata Updater Service","updateTavernKeeperMetadata"],"fullName":" NFT Metadata Updater Service updateTavernKeeperMetadata should call updateTokenURI on TavernKeeper contract","status":"passed","title":"should call updateTokenURI on TavernKeeper contract","duration":0,"failureMessages":[]},{"ancestorTitles":["","NFT Metadata Updater Service","getTavernKeeperTokenURI"],"fullName":" NFT Metadata Updater Service getTavernKeeperTokenURI should fetch tokenURI from contract","status":"passed","title":"should fetch tokenURI from contract","duration":1,"failureMessages":[]},{"ancestorTitles":["","NFT Metadata Updater Service","getTavernKeeperTokenURI"],"fullName":" NFT Metadata Updater Service getTavernKeeperTokenURI should return empty string on error","status":"passed","title":"should return empty string on error","duration":3,"failureMessages":[]},{"ancestorTitles":["","NFT Metadata Updater Service","Metadata Update Flow"],"fullName":" NFT Metadata Updater Service Metadata Update Flow should generate hero metadata correctly","status":"passed","title":"should generate hero metadata correctly","duration":0,"failureMessages":[]},{"ancestorTitles":["","NFT Metadata Updater Service","Metadata Update Flow"],"fullName":" NFT Metadata Updater Service Metadata Update Flow should upload image and metadata to IPFS","status":"passed","title":"should upload image and metadata to IPFS","duration":0,"failureMessages":[]}],"startTime":1766241105299,"endTime":1766241105308,"status":"passed","message":"","name":"/workspace/apps/web/__tests__/services/nftMetadataUpdater.test.ts"},{"assertionResults":[{"ancestorTitles":["","partyService","createParty"],"fullName":" partyService createParty should create a party successfully","status":"passed","title":"should create a party successfully","duration":3,"failureMessages":[]},{"ancestorTitles":["","partyService","createParty"],"fullName":" partyService createParty should create a party with initial heroes","status":"passed","title":"should create a party with initial heroes","duration":0,"failureMessages":[]},{"ancestorTitles":["","partyService","createParty"],"fullName":" partyService createParty should return null if contract address not configured","status":"passed","title":"should return null if contract address not configured","duration":0,"failureMessages":[]},{"ancestorTitles":["","partyService","createParty"],"fullName":" partyService createParty should return null on database error","status":"passed","title":"should return null on database error","duration":1,"failureMessages":[]},{"ancestorTitles":["","partyService","createParty"],"fullName":" partyService createParty should still return party if member insertion fails","status":"passed","title":"should still return party if member insertion fails","duration":0,"failureMessages":[]},{"ancestorTitles":["","partyService","getParty"],"fullName":" partyService getParty should get a party by ID","status":"passed","title":"should get a party by ID","duration":1,"failureMessages":[]},{"ancestorTitles":["","partyService","getParty"],"fullName":" partyService getParty should return null if party not found","status":"passed","title":"should return null if party not found","duration":0,"failureMessages":[]},{"ancestorTitles":["","partyService","getUserParties"],"fullName":" partyService getUserParties should get all parties for a user","status":"passed","title":"should get all parties for a user","duration":0,"failureMessages":[]},{"ancestorTitles":["","partyService","getUserParties"],"fullName":" partyService getUserParties should return empty array on error","status":"passed","title":"should return empty array on error","duration":1,"failureMessages":[]},{"ancestorTitles":["","partyService","joinParty"],"fullName":" partyService joinParty should add a member to a party","status":"passed","title":"should add a member to a party","duration":0,"failureMessages":[]},{"ancestorTitles":["","partyService","joinParty"],"fullName":" partyService joinParty should return success: false if party not found","status":"passed","title":"should return success: false if party not found","duration":1,"failureMessages":[]},{"ancestorTitles":["","partyService","joinParty"],"fullName":" partyService joinParty should return success: false if party is full","status":"passed","title":"should return success: false if party is full","duration":0,"failureMessages":[]},{"ancestorTitles":["","partyService","joinParty"],"fullName":" partyService joinParty should return success: false if party status is not waiting","status":"passed","title":"should return success: false if party status is not waiting","duration":0,"failureMessages":[]},{"ancestorTitles":["","partyService","leaveParty"],"fullName":" partyService leaveParty should remove a member from a party","status":"passed","title":"should remove a member from a party","duration":0,"failureMessages":[]},{"ancestorTitles":["","partyService","leaveParty"],"fullName":" partyService leaveParty should return false on error","status":"passed","title":"should return false on error","duration":0,"failureMessages":[]},{"ancestorTitles":["","partyService","updateParty"],"fullName":" partyService updateParty should update party","status":"passed","title":"should update party","duration":0,"failureMessages":[]},{"ancestorTitles":["","partyService","updateParty"],"fullName":" partyService updateParty should return false on error","status":"passed","title":"should return false on error","duration":0,"failureMessages":[]},{"ancestorTitles":["","partyService","generateInviteCode"],"fullName":" partyService generateInviteCode should generate and save an invite code","status":"passed","title":"should generate and save an invite code","duration":0,"failureMessages":[]},{"ancestorTitles":["","partyService","generateInviteCode"],"fullName":" partyService generateInviteCode should return null on error","status":"passed","title":"should return null on error","duration":1,"failureMessages":[]},{"ancestorTitles":["","partyService","getPartyMembers"],"fullName":" partyService getPartyMembers should get all members of a party","status":"passed","title":"should get all members of a party","duration":0,"failureMessages":[]},{"ancestorTitles":["","partyService","getPartyMembers"],"fullName":" partyService getPartyMembers should return empty array on error","status":"passed","title":"should return empty array on error","duration":0,"failureMessages":[]},{"ancestorTitles":["","partyService","startRun"],"fullName":" partyService startRun should start a run for a party","status":"passed","title":"should start a run for a party","duration":0,"failureMessages":[]},{"ancestorTitles":["","partyService","startRun"],"fullName":" partyService startRun should return false on error","status":"passed","title":"should return false on error","duration":1,"failureMessages":[]},{"ancestorTitles":["","partyService","deleteParty"],"fullName":" partyService deleteParty should delete a party","status":"passed","title":"should delete a party","duration":0,"failureMessages":[]},{"ancestorTitles":["","partyService","deleteParty"],"fullName":" partyService deleteParty should return false on error","status":"passed","title":"should return false on error","duration":0,"failureMessages":[]}],"startTime":1766241104215,"endTime":1766241104225,"status":"passed","message":"","name":"/workspace/apps/web/__tests__/services/partyService.test.ts"},{"assertionResults":[{"ancestorTitles":["","Redis Checkpointing","Redis Client Creation"],"fullName":" Redis Checkpointing Redis Client Creation should create Redis client with default URL when REDIS_URL not set","status":"passed","title":"should create Redis client with default URL when REDIS_URL not set","duration":15,"failureMessages":[]},{"ancestorTitles":["","Redis Checkpointing","Redis Client Creation"],"fullName":" Redis Checkpointing Redis Client Creation should create Redis client with REDIS_URL from environment","status":"passed","title":"should create Redis client with REDIS_URL from environment","duration":10,"failureMessages":[]},{"ancestorTitles":["","Redis Checkpointing","Redis Client Creation"],"fullName":" Redis Checkpointing Redis Client Creation should reuse existing Redis client (singleton pattern)","status":"passed","title":"should reuse existing Redis client (singleton pattern)","duration":7,"failureMessages":[]},{"ancestorTitles":["","Redis Checkpointing","Checkpoint Key Format"],"fullName":" Redis Checkpointing Checkpoint Key Format should use correct checkpoint key format","status":"passed","title":"should use correct checkpoint key format","duration":6,"failureMessages":[]},{"ancestorTitles":["","Redis Checkpointing","Checkpoint Operations"],"fullName":" Redis Checkpointing Checkpoint Operations should save checkpoint with correct TTL","status":"passed","title":"should save checkpoint with correct TTL","duration":14,"failureMessages":[]},{"ancestorTitles":["","Redis Checkpointing","Checkpoint Operations"],"fullName":" Redis Checkpointing Checkpoint Operations should include party stats in checkpoint data","status":"passed","title":"should include party stats in checkpoint data","duration":19,"failureMessages":[]},{"ancestorTitles":["","Redis Checkpointing","Checkpoint Operations"],"fullName":" Redis Checkpointing Checkpoint Operations should gracefully handle Redis errors","status":"passed","title":"should gracefully handle Redis errors","duration":6,"failureMessages":[]},{"ancestorTitles":["","Redis Checkpointing","Checkpoint Cleanup"],"fullName":" Redis Checkpointing Checkpoint Cleanup should delete checkpoint on run completion","status":"passed","title":"should delete checkpoint on run completion","duration":6,"failureMessages":[]},{"ancestorTitles":["","Redis Checkpointing","Checkpoint Cleanup"],"fullName":" Redis Checkpointing Checkpoint Cleanup should handle cleanup errors gracefully","status":"passed","title":"should handle cleanup errors gracefully","duration":5,"failureMessages":[]}],"startTime":1766241104547,"endTime":1766241104636,"status":"passed","message":"","name":"/workspace/apps/web/__tests__/services/redisCheckpointing.test.ts"},{"assertionResults":[{"ancestorTitles":["","runService","getActiveRun"],"fullName":" runService getActiveRun should fetch and return active run for wallet","status":"passed","title":"should fetch and return active run for wallet","duration":2,"failureMessages":[]},{"ancestorTitles":["","runService","getActiveRun"],"fullName":" runService getActiveRun should return null if no active run exists","status":"passed","title":"should return null if no active run exists","duration":0,"failureMessages":[]},{"ancestorTitles":["","runService","getActiveRun"],"fullName":" runService getActiveRun should throw error if API request fails","status":"passed","title":"should throw error if API request fails","duration":1,"failureMessages":[]},{"ancestorTitles":["","runService","getActiveRun"],"fullName":" runService getActiveRun should URL encode wallet address","status":"passed","title":"should URL encode wallet address","duration":0,"failureMessages":[]},{"ancestorTitles":["","runService","createRun"],"fullName":" runService createRun should create a run and return run data","status":"passed","title":"should create a run and return run data","duration":1,"failureMessages":[]},{"ancestorTitles":["","runService","createRun"],"fullName":" runService createRun should throw error if creation fails","status":"passed","title":"should throw error if creation fails","duration":0,"failureMessages":[]},{"ancestorTitles":["","runService","getRunStatus"],"fullName":" runService getRunStatus should fetch and return run status","status":"passed","title":"should fetch and return run status","duration":0,"failureMessages":[]},{"ancestorTitles":["","runService","getRunStatus"],"fullName":" runService getRunStatus should throw error if run not found","status":"passed","title":"should throw error if run not found","duration":0,"failureMessages":[]}],"startTime":1766241107363,"endTime":1766241107368,"status":"passed","message":"","name":"/workspace/apps/web/__tests__/services/runService.test.ts"},{"assertionResults":[{"ancestorTitles":["","spriteRenderer"],"fullName":" spriteRenderer should generate correct sprite URL","status":"passed","title":"should generate correct sprite URL","duration":1,"failureMessages":[]},{"ancestorTitles":["","spriteRenderer"],"fullName":" spriteRenderer should generate default color palette for classes","status":"passed","title":"should generate default color palette for classes","duration":0,"failureMessages":[]},{"ancestorTitles":["","spriteRenderer"],"fullName":" spriteRenderer should return color filter (currently placeholder)","status":"passed","title":"should return color filter (currently placeholder)","duration":0,"failureMessages":[]}],"startTime":1766241109391,"endTime":1766241109392,"status":"passed","message":"","name":"/workspace/apps/web/__tests__/services/spriteRenderer.test.ts"},{"assertionResults":[{"ancestorTitles":["","tavernKeeperService Integration Tests","getOfficeState"],"fullName":" tavernKeeperService Integration Tests getOfficeState should fetch real office state from testnet contract","status":"passed","title":"should fetch real office state from testnet contract","duration":0,"failureMessages":[]},{"ancestorTitles":["","tavernKeeperService Integration Tests","getOfficeState"],"fullName":" tavernKeeperService Integration Tests getOfficeState should cache office state","status":"passed","title":"should cache office state","duration":0,"failureMessages":[]},{"ancestorTitles":["","tavernKeeperService Integration Tests","takeOffice"],"fullName":" tavernKeeperService Integration Tests takeOffice should throw error if contract address not found","status":"passed","title":"should throw error if contract address not found","duration":0,"failureMessages":[]},{"ancestorTitles":["","tavernKeeperService Integration Tests","takeOffice"],"fullName":" tavernKeeperService Integration Tests takeOffice should throw error if account not found","status":"passed","title":"should throw error if account not found","duration":0,"failureMessages":[]},{"ancestorTitles":["","tavernKeeperService Integration Tests","takeOffice"],"fullName":" tavernKeeperService Integration Tests takeOffice should actually take office on testnet with real transaction","status":"passed","title":"should actually take office on testnet with real transaction","duration":0,"failureMessages":[]},{"ancestorTitles":["","tavernKeeperService Integration Tests","takeOffice"],"fullName":" tavernKeeperService Integration Tests takeOffice should use accountAddress parameter when account not on client","status":"passed","title":"should use accountAddress parameter when account not on client","duration":0,"failureMessages":[]},{"ancestorTitles":["","tavernKeeperService Integration Tests","takeOffice"],"fullName":" tavernKeeperService Integration Tests takeOffice should use getAddresses if available and account not found","status":"passed","title":"should use getAddresses if available and account not found","duration":0,"failureMessages":[]}],"startTime":1766241104597,"endTime":1766241104598,"status":"passed","message":"","name":"/workspace/apps/web/__tests__/services/tavernKeeperService.test.ts"},{"assertionResults":[{"ancestorTitles":["","RunWorker"],"fullName":" RunWorker should process run job successfully","status":"passed","title":"should process run job successfully","duration":128,"failureMessages":[]},{"ancestorTitles":["","RunWorker"],"fullName":" RunWorker should handle dungeon not found error","status":"passed","title":"should handle dungeon not found error","duration":0,"failureMessages":[]},{"ancestorTitles":["","RunWorker"],"fullName":" RunWorker should update run with error status on failure","status":"passed","title":"should update run with error status on failure","duration":0,"failureMessages":[]}],"startTime":1766241106523,"endTime":1766241106651,"status":"passed","message":"","name":"/workspace/apps/web/__tests__/workers/runWorker.test.ts"},{"assertionResults":[{"ancestorTitles":["","AgentWrapper","registerPlugin"],"fullName":" AgentWrapper registerPlugin should register a plugin","status":"passed","title":"should register a plugin","duration":1,"failureMessages":[]},{"ancestorTitles":["","AgentWrapper","initialize"],"fullName":" AgentWrapper initialize should initialize agent","status":"passed","title":"should initialize agent","duration":0,"failureMessages":[]},{"ancestorTitles":["","AgentWrapper","updatePersona"],"fullName":" AgentWrapper updatePersona should update persona","status":"passed","title":"should update persona","duration":1,"failureMessages":[]},{"ancestorTitles":["","AgentWrapper","updateMemory"],"fullName":" AgentWrapper updateMemory should update memory","status":"passed","title":"should update memory","duration":0,"failureMessages":[]},{"ancestorTitles":["","AgentWrapper","getAction"],"fullName":" AgentWrapper getAction should return null if no hook provided","status":"passed","title":"should return null if no hook provided","duration":1,"failureMessages":[]},{"ancestorTitles":["","AgentWrapper","getAction"],"fullName":" AgentWrapper getAction should call onTurn hook if provided","status":"passed","title":"should call onTurn hook if provided","duration":1,"failureMessages":[]},{"ancestorTitles":["","AgentWrapper","submitAction"],"fullName":" AgentWrapper submitAction should throw error if game-action-plugin not registered","status":"passed","title":"should throw error if game-action-plugin not registered","duration":0,"failureMessages":[]},{"ancestorTitles":["","AgentWrapper","onRunStart"],"fullName":" AgentWrapper onRunStart should call onRunStart hook if provided","status":"passed","title":"should call onRunStart hook if provided","duration":0,"failureMessages":[]},{"ancestorTitles":["","AgentWrapper","onRunEnd"],"fullName":" AgentWrapper onRunEnd should call onRunEnd hook if provided","status":"passed","title":"should call onRunEnd hook if provided","duration":0,"failureMessages":[]}],"startTime":1766241107605,"endTime":1766241107611,"status":"passed","message":"","name":"/workspace/packages/agents/__tests__/agent-wrapper.test.ts"},{"assertionResults":[{"ancestorTitles":["","Action Validator","validateAction"],"fullName":" Action Validator validateAction should reject action with invalid actorId","status":"passed","title":"should reject action with invalid actorId","duration":2,"failureMessages":[]},{"ancestorTitles":["","Action Validator","validateAction"],"fullName":" Action Validator validateAction should validate move action","status":"passed","title":"should validate move action","duration":0,"failureMessages":[]},{"ancestorTitles":["","Action Validator","validateAction"],"fullName":" Action Validator validateAction should validate attack action","status":"passed","title":"should validate attack action","duration":0,"failureMessages":[]},{"ancestorTitles":["","Action Validator","validateAction"],"fullName":" Action Validator validateAction should validate skill_check action","status":"passed","title":"should validate skill_check action","duration":0,"failureMessages":[]},{"ancestorTitles":["","Action Validator","validateAction"],"fullName":" Action Validator validateAction should validate use_item action","status":"passed","title":"should validate use_item action","duration":0,"failureMessages":[]},{"ancestorTitles":["","Action Validator","validateAction"],"fullName":" Action Validator validateAction should validate interact action","status":"passed","title":"should validate interact action","duration":0,"failureMessages":[]},{"ancestorTitles":["","Action Validator","isValidActionType"],"fullName":" Action Validator isValidActionType should return true for valid action types","status":"passed","title":"should return true for valid action types","duration":0,"failureMessages":[]},{"ancestorTitles":["","Action Validator","isValidActionType"],"fullName":" Action Validator isValidActionType should return false for invalid action types","status":"passed","title":"should return false for invalid action types","duration":0,"failureMessages":[]}],"startTime":1766241107546,"endTime":1766241107549,"status":"passed","message":"","name":"/workspace/packages/engine/__tests__/action-validator.test.ts"},{"assertionResults":[{"ancestorTitles":["","Combat","attackRoll"],"fullName":" Combat attackRoll should calculate attack roll correctly","status":"passed","title":"should calculate attack roll correctly","duration":1,"failureMessages":[]},{"ancestorTitles":["","Combat","attackRoll"],"fullName":" Combat attackRoll should handle advantage","status":"passed","title":"should handle advantage","duration":0,"failureMessages":[]},{"ancestorTitles":["","Combat","attackRoll"],"fullName":" Combat attackRoll should handle disadvantage","status":"passed","title":"should handle disadvantage","duration":1,"failureMessages":[]},{"ancestorTitles":["","Combat","attack"],"fullName":" Combat attack should hit when roll >= AC","status":"passed","title":"should hit when roll >= AC","duration":0,"failureMessages":[]},{"ancestorTitles":["","Combat","attack"],"fullName":" Combat attack should calculate critical on natural 20","status":"passed","title":"should calculate critical on natural 20","duration":0,"failureMessages":[]},{"ancestorTitles":["","Combat","attack"],"fullName":" Combat attack should deal damage on hit","status":"passed","title":"should deal damage on hit","duration":0,"failureMessages":[]},{"ancestorTitles":["","Combat","attack"],"fullName":" Combat attack should not deal damage on miss","status":"passed","title":"should not deal damage on miss","duration":0,"failureMessages":[]},{"ancestorTitles":["","Combat","applyDamage"],"fullName":" Combat applyDamage should reduce HP correctly","status":"passed","title":"should reduce HP correctly","duration":1,"failureMessages":[]},{"ancestorTitles":["","Combat","applyDamage"],"fullName":" Combat applyDamage should not go below 0 HP","status":"passed","title":"should not go below 0 HP","duration":0,"failureMessages":[]},{"ancestorTitles":["","Combat","applyDamage"],"fullName":" Combat applyDamage should preserve other stats","status":"passed","title":"should preserve other stats","duration":0,"failureMessages":[]},{"ancestorTitles":["","Combat","heal"],"fullName":" Combat heal should increase HP correctly","status":"passed","title":"should increase HP correctly","duration":0,"failureMessages":[]},{"ancestorTitles":["","Combat","heal"],"fullName":" Combat heal should not exceed maxHp","status":"passed","title":"should not exceed maxHp","duration":0,"failureMessages":[]},{"ancestorTitles":["","Combat","isDead"],"fullName":" Combat isDead should return true when HP <= 0","status":"passed","title":"should return true when HP <= 0","duration":0,"failureMessages":[]},{"ancestorTitles":["","Combat","isDead"],"fullName":" Combat isDead should return false when HP > 0","status":"passed","title":"should return false when HP > 0","duration":0,"failureMessages":[]}],"startTime":1766241106893,"endTime":1766241106896,"status":"passed","message":"","name":"/workspace/packages/engine/__tests__/combat.test.ts"},{"assertionResults":[{"ancestorTitles":["","Engine","createEngineState"],"fullName":" Engine createEngineState should create engine state with entities","status":"passed","title":"should create engine state with entities","duration":2,"failureMessages":[]},{"ancestorTitles":["","Engine","createEngineState"],"fullName":" Engine createEngineState should generate deterministic seed","status":"passed","title":"should generate deterministic seed","duration":1,"failureMessages":[]},{"ancestorTitles":["","Engine","createEngineState"],"fullName":" Engine createEngineState should roll initiative for all entities","status":"passed","title":"should roll initiative for all entities","duration":0,"failureMessages":[]},{"ancestorTitles":["","Engine","executeAction"],"fullName":" Engine executeAction should execute move action","status":"passed","title":"should execute move action","duration":1,"failureMessages":[]},{"ancestorTitles":["","Engine","executeAction"],"fullName":" Engine executeAction should execute attack action","status":"passed","title":"should execute attack action","duration":0,"failureMessages":[]},{"ancestorTitles":["","Engine","executeAction"],"fullName":" Engine executeAction should reject invalid actions","status":"passed","title":"should reject invalid actions","duration":0,"failureMessages":[]},{"ancestorTitles":["","Engine","simulateRun"],"fullName":" Engine simulateRun should simulate a run and return result","status":"passed","title":"should simulate a run and return result","duration":1,"failureMessages":[]},{"ancestorTitles":["","Engine","simulateRun"],"fullName":" Engine simulateRun should respect maxTurns limit","status":"passed","title":"should respect maxTurns limit","duration":1,"failureMessages":[]},{"ancestorTitles":["","Engine","simulateRun"],"fullName":" Engine simulateRun should be deterministic with same inputs","status":"passed","title":"should be deterministic with same inputs","duration":0,"failureMessages":[]},{"ancestorTitles":["","Engine","simulateRun"],"fullName":" Engine simulateRun should load map when mapId is provided","status":"passed","title":"should load map when mapId is provided","duration":1,"failureMessages":[]},{"ancestorTitles":["","Engine","simulateRun"],"fullName":" Engine simulateRun should initialize entities from map","status":"passed","title":"should initialize entities from map","duration":2,"failureMessages":[]}],"startTime":1766241105362,"endTime":1766241105372,"status":"passed","message":"","name":"/workspace/packages/engine/__tests__/engine.test.ts"},{"assertionResults":[{"ancestorTitles":["","Initiative"],"fullName":" Initiative should roll initiative for all entities","status":"passed","title":"should roll initiative for all entities","duration":2,"failureMessages":[]},{"ancestorTitles":["","Initiative"],"fullName":" Initiative should sort by initiative (highest first)","status":"passed","title":"should sort by initiative (highest first)","duration":0,"failureMessages":[]},{"ancestorTitles":["","Initiative"],"fullName":" Initiative should break ties by DEX modifier","status":"passed","title":"should break ties by DEX modifier","duration":0,"failureMessages":[]},{"ancestorTitles":["","Initiative"],"fullName":" Initiative should be deterministic with same seed","status":"passed","title":"should be deterministic with same seed","duration":1,"failureMessages":[]}],"startTime":1766241108927,"endTime":1766241108930,"status":"passed","message":"","name":"/workspace/packages/engine/__tests__/initiative.test.ts"},{"assertionResults":[{"ancestorTitles":["","Map Loader","loadMap"],"fullName":" Map Loader loadMap should load abandoned-cellar map","status":"passed","title":"should load abandoned-cellar map","duration":1,"failureMessages":[]},{"ancestorTitles":["","Map Loader","loadMap"],"fullName":" Map Loader loadMap should load goblin-warren map","status":"passed","title":"should load goblin-warren map","duration":0,"failureMessages":[]},{"ancestorTitles":["","Map Loader","loadMap"],"fullName":" Map Loader loadMap should return null for invalid map ID","status":"passed","title":"should return null for invalid map ID","duration":1,"failureMessages":[]},{"ancestorTitles":["","Map Loader","getAvailableMaps"],"fullName":" Map Loader getAvailableMaps should return list of available maps","status":"passed","title":"should return list of available maps","duration":0,"failureMessages":[]},{"ancestorTitles":["","Map Loader","validateMap"],"fullName":" Map Loader validateMap should validate a correct map","status":"passed","title":"should validate a correct map","duration":0,"failureMessages":[]},{"ancestorTitles":["","Map Loader","validateMap"],"fullName":" Map Loader validateMap should detect missing id","status":"passed","title":"should detect missing id","duration":0,"failureMessages":[]},{"ancestorTitles":["","Map Loader","validateMap"],"fullName":" Map Loader validateMap should detect missing rooms","status":"passed","title":"should detect missing rooms","duration":0,"failureMessages":[]},{"ancestorTitles":["","Map Loader","validateMap"],"fullName":" Map Loader validateMap should detect missing objectives","status":"passed","title":"should detect missing objectives","duration":0,"failureMessages":[]}],"startTime":1766241108334,"endTime":1766241108337,"status":"passed","message":"","name":"/workspace/packages/engine/__tests__/map-loader.test.ts"},{"assertionResults":[{"ancestorTitles":["","Engine","createEngineState"],"fullName":" Engine createEngineState should create engine state with entities","status":"passed","title":"should create engine state with entities","duration":2,"failureMessages":[]},{"ancestorTitles":["","Engine","createEngineState"],"fullName":" Engine createEngineState should generate deterministic seed","status":"passed","title":"should generate deterministic seed","duration":1,"failureMessages":[]},{"ancestorTitles":["","Engine","createEngineState"],"fullName":" Engine createEngineState should roll initiative for all entities","status":"passed","title":"should roll initiative for all entities","duration":0,"failureMessages":[]},{"ancestorTitles":["","Engine","executeAction"],"fullName":" Engine executeAction should execute move action","status":"passed","title":"should execute move action","duration":1,"failureMessages":[]},{"ancestorTitles":["","Engine","executeAction"],"fullName":" Engine executeAction should execute attack action","status":"passed","title":"should execute attack action","duration":0,"failureMessages":[]},{"ancestorTitles":["","Engine","executeAction"],"fullName":" Engine executeAction should reject invalid actions","status":"passed","title":"should reject invalid actions","duration":1,"failureMessages":[]},{"ancestorTitles":["","Engine","simulateRun"],"fullName":" Engine simulateRun should simulate a run and return result","status":"passed","title":"should simulate a run and return result","duration":1,"failureMessages":[]},{"ancestorTitles":["","Engine","simulateRun"],"fullName":" Engine simulateRun should respect maxTurns limit","status":"passed","title":"should respect maxTurns limit","duration":1,"failureMessages":[]},{"ancestorTitles":["","Engine","simulateRun"],"fullName":" Engine simulateRun should be deterministic with same inputs","status":"passed","title":"should be deterministic with same inputs","duration":0,"failureMessages":[]},{"ancestorTitles":["","Engine","simulateRun"],"fullName":" Engine simulateRun should load map when mapId is provided","status":"passed","title":"should load map when mapId is provided","duration":1,"failureMessages":[]},{"ancestorTitles":["","Engine","simulateRun"],"fullName":" Engine simulateRun should initialize entities from map","status":"passed","title":"should initialize entities from map","duration":2,"failureMessages":[]},{"ancestorTitles":["","Objectives","checkObjective"],"fullName":" Objectives checkObjective should detect boss defeat","status":"passed","title":"should detect boss defeat","duration":0,"failureMessages":[]},{"ancestorTitles":["","Objectives","checkObjective"],"fullName":" Objectives checkObjective should detect boss alive","status":"passed","title":"should detect boss alive","duration":0,"failureMessages":[]},{"ancestorTitles":["","Objectives","checkObjective"],"fullName":" Objectives checkObjective should detect boss death from events","status":"passed","title":"should detect boss death from events","duration":0,"failureMessages":[]},{"ancestorTitles":["","Objectives","checkObjective"],"fullName":" Objectives checkObjective should detect item retrieval","status":"passed","title":"should detect item retrieval","duration":0,"failureMessages":[]},{"ancestorTitles":["","Objectives","checkObjective"],"fullName":" Objectives checkObjective should not detect item if not in inventory","status":"passed","title":"should not detect item if not in inventory","duration":0,"failureMessages":[]},{"ancestorTitles":["","Objectives","checkAllObjectives"],"fullName":" Objectives checkAllObjectives should check all objectives","status":"passed","title":"should check all objectives","duration":1,"failureMessages":[]},{"ancestorTitles":["","Objectives","areAllObjectivesComplete"],"fullName":" Objectives areAllObjectivesComplete should return true when all objectives complete","status":"passed","title":"should return true when all objectives complete","duration":0,"failureMessages":[]},{"ancestorTitles":["","Objectives","areAllObjectivesComplete"],"fullName":" Objectives areAllObjectivesComplete should return false when objectives incomplete","status":"passed","title":"should return false when objectives incomplete","duration":0,"failureMessages":[]},{"ancestorTitles":["","Objectives","isPartyWiped"],"fullName":" Objectives isPartyWiped should return true when all players are dead","status":"passed","title":"should return true when all players are dead","duration":0,"failureMessages":[]},{"ancestorTitles":["","Objectives","isPartyWiped"],"fullName":" Objectives isPartyWiped should return false when at least one player is alive","status":"passed","title":"should return false when at least one player is alive","duration":0,"failureMessages":[]},{"ancestorTitles":["","Objectives","isPartyWiped"],"fullName":" Objectives isPartyWiped should return false when no players exist","status":"passed","title":"should return false when no players exist","duration":0,"failureMessages":[]}],"startTime":1766241105961,"endTime":1766241105973,"status":"passed","message":"","name":"/workspace/packages/engine/__tests__/objectives.test.ts"},{"assertionResults":[{"ancestorTitles":["","RNG","generateSeed"],"fullName":" RNG generateSeed should generate deterministic seeds","status":"passed","title":"should generate deterministic seeds","duration":1,"failureMessages":[]},{"ancestorTitles":["","RNG","generateSeed"],"fullName":" RNG generateSeed should generate different seeds for different inputs","status":"passed","title":"should generate different seeds for different inputs","duration":0,"failureMessages":[]},{"ancestorTitles":["","RNG","makeRng"],"fullName":" RNG makeRng should create RNG function","status":"passed","title":"should create RNG function","duration":0,"failureMessages":[]},{"ancestorTitles":["","RNG","makeRng"],"fullName":" RNG makeRng should produce deterministic results with same seed","status":"passed","title":"should produce deterministic results with same seed","duration":1,"failureMessages":[]},{"ancestorTitles":["","RNG","d"],"fullName":" RNG d should roll within valid range","status":"passed","title":"should roll within valid range","duration":1,"failureMessages":[]},{"ancestorTitles":["","RNG","d"],"fullName":" RNG d should roll different values","status":"passed","title":"should roll different values","duration":1,"failureMessages":[]},{"ancestorTitles":["","RNG","rollDice"],"fullName":" RNG rollDice should roll multiple dice correctly","status":"passed","title":"should roll multiple dice correctly","duration":0,"failureMessages":[]},{"ancestorTitles":["","RNG","rollDice"],"fullName":" RNG rollDice should be deterministic with same seed","status":"passed","title":"should be deterministic with same seed","duration":0,"failureMessages":[]},{"ancestorTitles":["","RNG","rollWithAdvantage"],"fullName":" RNG rollWithAdvantage should return higher of two rolls","status":"passed","title":"should return higher of two rolls","duration":2,"failureMessages":[]},{"ancestorTitles":["","RNG","rollWithDisadvantage"],"fullName":" RNG rollWithDisadvantage should return lower of two rolls","status":"passed","title":"should return lower of two rolls","duration":1,"failureMessages":[]}],"startTime":1766241108049,"endTime":1766241108057,"status":"passed","message":"","name":"/workspace/packages/engine/__tests__/rng.test.ts"},{"assertionResults":[{"ancestorTitles":["","Spatial","isPositionInRoom"],"fullName":" Spatial isPositionInRoom should return true for position inside room","status":"passed","title":"should return true for position inside room","duration":1,"failureMessages":[]},{"ancestorTitles":["","Spatial","isPositionInRoom"],"fullName":" Spatial isPositionInRoom should return false for position outside room","status":"passed","title":"should return false for position outside room","duration":0,"failureMessages":[]},{"ancestorTitles":["","Spatial","isPositionInRoom"],"fullName":" Spatial isPositionInRoom should return true for position on room boundary","status":"passed","title":"should return true for position on room boundary","duration":0,"failureMessages":[]},{"ancestorTitles":["","Spatial","isPositionInRoom"],"fullName":" Spatial isPositionInRoom should return false for position just outside room","status":"passed","title":"should return false for position just outside room","duration":0,"failureMessages":[]},{"ancestorTitles":["","Spatial","findRoomForPosition"],"fullName":" Spatial findRoomForPosition should find room for position","status":"passed","title":"should find room for position","duration":0,"failureMessages":[]},{"ancestorTitles":["","Spatial","findRoomForPosition"],"fullName":" Spatial findRoomForPosition should return null for position outside all rooms","status":"passed","title":"should return null for position outside all rooms","duration":0,"failureMessages":[]},{"ancestorTitles":["","Spatial","arePositionsInSameRoom"],"fullName":" Spatial arePositionsInSameRoom should return true for positions in same room","status":"passed","title":"should return true for positions in same room","duration":0,"failureMessages":[]},{"ancestorTitles":["","Spatial","arePositionsInSameRoom"],"fullName":" Spatial arePositionsInSameRoom should return false for positions in different rooms","status":"passed","title":"should return false for positions in different rooms","duration":0,"failureMessages":[]},{"ancestorTitles":["","Spatial","checkRoomTransition"],"fullName":" Spatial checkRoomTransition should detect room transition","status":"passed","title":"should detect room transition","duration":1,"failureMessages":[]},{"ancestorTitles":["","Spatial","checkRoomTransition"],"fullName":" Spatial checkRoomTransition should not transition if rooms are not connected","status":"passed","title":"should not transition if rooms are not connected","duration":0,"failureMessages":[]},{"ancestorTitles":["","Spatial","validateMovement"],"fullName":" Spatial validateMovement should validate movement within same room","status":"passed","title":"should validate movement within same room","duration":0,"failureMessages":[]},{"ancestorTitles":["","Spatial","validateMovement"],"fullName":" Spatial validateMovement should invalidate movement outside all rooms","status":"passed","title":"should invalidate movement outside all rooms","duration":0,"failureMessages":[]},{"ancestorTitles":["","Spatial","areEntitiesInSameRoom"],"fullName":" Spatial areEntitiesInSameRoom should return true for entities in same room","status":"passed","title":"should return true for entities in same room","duration":0,"failureMessages":[]},{"ancestorTitles":["","Spatial","areEntitiesInSameRoom"],"fullName":" Spatial areEntitiesInSameRoom should return false for entities in different rooms","status":"passed","title":"should return false for entities in different rooms","duration":0,"failureMessages":[]},{"ancestorTitles":["","Spatial","getEntitiesInRoom"],"fullName":" Spatial getEntitiesInRoom should return all entities in a room","status":"passed","title":"should return all entities in a room","duration":0,"failureMessages":[]}],"startTime":1766241104527,"endTime":1766241104532,"status":"passed","message":"","name":"/workspace/packages/engine/__tests__/spatial.test.ts"},{"assertionResults":[{"ancestorTitles":["","Utils","getAbilityModifier"],"fullName":" Utils getAbilityModifier should calculate ability modifiers correctly","status":"passed","title":"should calculate ability modifiers correctly","duration":1,"failureMessages":[]},{"ancestorTitles":["","Utils","getAbilityModifier"],"fullName":" Utils getAbilityModifier should handle edge cases","status":"passed","title":"should handle edge cases","duration":0,"failureMessages":[]}],"startTime":1766241109793,"endTime":1766241109794,"status":"passed","message":"","name":"/workspace/packages/lib/__tests__/utils.test.ts"},{"assertionResults":[{"ancestorTitles":["","GameActionPlugin"],"fullName":" GameActionPlugin should submit action successfully","status":"passed","title":"should submit action successfully","duration":4,"failureMessages":[]},{"ancestorTitles":["","GameActionPlugin"],"fullName":" GameActionPlugin should handle API errors","status":"passed","title":"should handle API errors","duration":2,"failureMessages":[]},{"ancestorTitles":["","GameActionPlugin"],"fullName":" GameActionPlugin should handle network errors","status":"passed","title":"should handle network errors","duration":1,"failureMessages":[]}],"startTime":1766241109169,"endTime":1766241109176,"status":"passed","message":"","name":"/workspace/packages/agents/__tests__/plugins/game-action-plugin.test.ts"},{"assertionResults":[{"ancestorTitles":["","MemoryPlugin","readMemory"],"fullName":" MemoryPlugin readMemory should read memory successfully","status":"passed","title":"should read memory successfully","duration":2,"failureMessages":[]},{"ancestorTitles":["","MemoryPlugin","readMemory"],"fullName":" MemoryPlugin readMemory should return default memory on error","status":"passed","title":"should return default memory on error","duration":5,"failureMessages":[]},{"ancestorTitles":["","MemoryPlugin","writeMemory"],"fullName":" MemoryPlugin writeMemory should write memory successfully","status":"passed","title":"should write memory successfully","duration":1,"failureMessages":[]},{"ancestorTitles":["","MemoryPlugin","writeMemory"],"fullName":" MemoryPlugin writeMemory should throw error on failure","status":"passed","title":"should throw error on failure","duration":1,"failureMessages":[]},{"ancestorTitles":["","MemoryPlugin","updateShortTerm"],"fullName":" MemoryPlugin updateShortTerm should add event to short term memory","status":"passed","title":"should add event to short term memory","duration":0,"failureMessages":[]},{"ancestorTitles":["","MemoryPlugin","updateShortTerm"],"fullName":" MemoryPlugin updateShortTerm should limit short term memory to 10 events","status":"passed","title":"should limit short term memory to 10 events","duration":0,"failureMessages":[]},{"ancestorTitles":["","MemoryPlugin","addEpisodic"],"fullName":" MemoryPlugin addEpisodic should add episodic memory","status":"passed","title":"should add episodic memory","duration":0,"failureMessages":[]}],"startTime":1766241107130,"endTime":1766241107140,"status":"passed","message":"","name":"/workspace/packages/agents/__tests__/plugins/memory-plugin.test.ts"}]}