{"numTotalTestSuites":4,"numPassedTestSuites":4,"numFailedTestSuites":0,"numPendingTestSuites":0,"numTotalTests":2,"numPassedTests":2,"numFailedTests":0,"numPendingTests":0,"numTodoTests":0,"startTime":1764538443754,"success":true,"testResults":[{"assertionResults":[{"ancestorTitles":["","heroMinting","generateMetadata"],"fullName":" heroMinting generateMetadata should generate correct metadata structure","status":"passed","title":"should generate correct metadata structure","duration":2,"failureMessages":[]},{"ancestorTitles":["","heroMinting","mintHero"],"fullName":" heroMinting mintHero should upload metadata and call contract","status":"passed","title":"should upload metadata and call contract","duration":0,"failureMessages":[]}],"startTime":1764538445058,"endTime":1764538445060,"status":"passed","message":"","name":"C:/Users/epj33/Desktop/InnKeeper/apps/web/__tests__/services/heroMinting.test.ts"}]}